{"C:\\Users\\oriol\\OneDrive\\Escritorio\\Bootcamp\\Challenges\\Semana 7\\202209-w7ch3-oriol-raventos\\src\\loadEnviroment.ts": {"path":"C:\\Users\\oriol\\OneDrive\\Escritorio\\Bootcamp\\Challenges\\Semana 7\\202209-w7ch3-oriol-raventos\\src\\loadEnviroment.ts","statementMap":{"0":{"start":{"line":1,"column":0},"end":{"line":1,"column":28}},"1":{"start":{"line":3,"column":0},"end":{"line":3,"column":16}},"2":{"start":{"line":5,"column":19},"end":{"line":10,"column":2}},"3":{"start":{"line":12,"column":0},"end":{"line":12,"column":26}}},"fnMap":{},"branchMap":{},"s":{"0":1,"1":1,"2":1,"3":1},"f":{},"b":{}}
,"C:\\Users\\oriol\\OneDrive\\Escritorio\\Bootcamp\\Challenges\\Semana 7\\202209-w7ch3-oriol-raventos\\src\\database\\index.ts": {"path":"C:\\Users\\oriol\\OneDrive\\Escritorio\\Bootcamp\\Challenges\\Semana 7\\202209-w7ch3-oriol-raventos\\src\\database\\index.ts","statementMap":{"0":{"start":{"line":1,"column":0},"end":{"line":1,"column":46}},"1":{"start":{"line":2,"column":0},"end":{"line":2,"column":32}},"2":{"start":{"line":3,"column":0},"end":{"line":3,"column":33}},"3":{"start":{"line":4,"column":0},"end":{"line":4,"column":26}},"4":{"start":{"line":6,"column":14},"end":{"line":6,"column":58}},"5":{"start":{"line":8,"column":26},"end":{"line":26,"column":1}},"6":{"start":{"line":9,"column":2},"end":{"line":25,"column":null}},"7":{"start":{"line":10,"column":4},"end":{"line":10,"column":32}},"8":{"start":{"line":11,"column":4},"end":{"line":11,"column":56}},"9":{"start":{"line":12,"column":4},"end":{"line":21,"column":7}},"10":{"start":{"line":15,"column":8},"end":{"line":15,"column":23}},"11":{"start":{"line":16,"column":8},"end":{"line":16,"column":23}},"12":{"start":{"line":19,"column":8},"end":{"line":19,"column":19}},"13":{"start":{"line":22,"column":4},"end":{"line":22,"column":63}},"14":{"start":{"line":24,"column":4},"end":{"line":24,"column":63}},"15":{"start":{"line":28,"column":0},"end":{"line":28,"column":33}}},"fnMap":{"0":{"name":"(anonymous_1)","decl":{"start":{"line":8,"column":26},"end":{"line":8,"column":31}},"loc":{"start":{"line":8,"column":48},"end":{"line":26,"column":1}}},"1":{"name":"(anonymous_2)","decl":{"start":{"line":14,"column":6},"end":{"line":14,"column":15}},"loc":{"start":{"line":14,"column":24},"end":{"line":20,"column":7}}}},"branchMap":{},"s":{"0":0,"1":0,"2":0,"3":0,"4":0,"5":0,"6":0,"7":0,"8":0,"9":0,"10":0,"11":0,"12":0,"13":0,"14":0,"15":0},"f":{"0":0,"1":0},"b":{}}
,"C:\\Users\\oriol\\OneDrive\\Escritorio\\Bootcamp\\Challenges\\Semana 7\\202209-w7ch3-oriol-raventos\\src\\database\\models\\Items\\Items.ts": {"path":"C:\\Users\\oriol\\OneDrive\\Escritorio\\Bootcamp\\Challenges\\Semana 7\\202209-w7ch3-oriol-raventos\\src\\database\\models\\Items\\Items.ts","statementMap":{"0":{"start":{"line":1,"column":0},"end":{"line":1,"column":41}},"1":{"start":{"line":3,"column":19},"end":{"line":12,"column":2}},"2":{"start":{"line":15,"column":13},"end":{"line":15,"column":55}}},"fnMap":{},"branchMap":{},"s":{"0":0,"1":0,"2":0},"f":{},"b":{}}
,"C:\\Users\\oriol\\OneDrive\\Escritorio\\Bootcamp\\Challenges\\Semana 7\\202209-w7ch3-oriol-raventos\\src\\database\\models\\Users\\Users.ts": {"path":"C:\\Users\\oriol\\OneDrive\\Escritorio\\Bootcamp\\Challenges\\Semana 7\\202209-w7ch3-oriol-raventos\\src\\database\\models\\Users\\Users.ts","statementMap":{"0":{"start":{"line":1,"column":0},"end":{"line":1,"column":41}},"1":{"start":{"line":3,"column":19},"end":{"line":19,"column":2}},"2":{"start":{"line":22,"column":13},"end":{"line":22,"column":55}}},"fnMap":{},"branchMap":{},"s":{"0":1,"1":1,"2":1},"f":{},"b":{}}
,"C:\\Users\\oriol\\OneDrive\\Escritorio\\Bootcamp\\Challenges\\Semana 7\\202209-w7ch3-oriol-raventos\\src\\mocks\\mockUser.ts": {"path":"C:\\Users\\oriol\\OneDrive\\Escritorio\\Bootcamp\\Challenges\\Semana 7\\202209-w7ch3-oriol-raventos\\src\\mocks\\mockUser.ts","statementMap":{"0":{"start":{"line":1,"column":17},"end":{"line":5,"column":2}},"1":{"start":{"line":6,"column":0},"end":{"line":6,"column":24}}},"fnMap":{},"branchMap":{},"s":{"0":1,"1":1},"f":{},"b":{}}
,"C:\\Users\\oriol\\OneDrive\\Escritorio\\Bootcamp\\Challenges\\Semana 7\\202209-w7ch3-oriol-raventos\\src\\server\\app.ts": {"path":"C:\\Users\\oriol\\OneDrive\\Escritorio\\Bootcamp\\Challenges\\Semana 7\\202209-w7ch3-oriol-raventos\\src\\server\\app.ts","statementMap":{"0":{"start":{"line":1,"column":0},"end":{"line":1,"column":30}},"1":{"start":{"line":2,"column":0},"end":{"line":2,"column":28}},"2":{"start":{"line":3,"column":0},"end":{"line":3,"column":51}},"3":{"start":{"line":4,"column":0},"end":{"line":4,"column":70}},"4":{"start":{"line":6,"column":12},"end":{"line":6,"column":21}},"5":{"start":{"line":8,"column":0},"end":{"line":8,"column":28}},"6":{"start":{"line":10,"column":0},"end":{"line":10,"column":24}},"7":{"start":{"line":12,"column":0},"end":{"line":12,"column":23}},"8":{"start":{"line":14,"column":0},"end":{"line":14,"column":31}},"9":{"start":{"line":16,"column":0},"end":{"line":16,"column":25}},"10":{"start":{"line":18,"column":0},"end":{"line":18,"column":22}},"11":{"start":{"line":20,"column":0},"end":{"line":20,"column":19}}},"fnMap":{},"branchMap":{},"s":{"0":0,"1":0,"2":0,"3":0,"4":0,"5":0,"6":0,"7":0,"8":0,"9":0,"10":0,"11":0},"f":{},"b":{}}
,"C:\\Users\\oriol\\OneDrive\\Escritorio\\Bootcamp\\Challenges\\Semana 7\\202209-w7ch3-oriol-raventos\\src\\server\\index.ts": {"path":"C:\\Users\\oriol\\OneDrive\\Escritorio\\Bootcamp\\Challenges\\Semana 7\\202209-w7ch3-oriol-raventos\\src\\server\\index.ts","statementMap":{"0":{"start":{"line":1,"column":0},"end":{"line":1,"column":46}},"1":{"start":{"line":2,"column":0},"end":{"line":2,"column":27}},"2":{"start":{"line":3,"column":0},"end":{"line":3,"column":33}},"3":{"start":{"line":4,"column":0},"end":{"line":4,"column":26}},"4":{"start":{"line":6,"column":14},"end":{"line":6,"column":55}},"5":{"start":{"line":8,"column":20},"end":{"line":19,"column":1}},"6":{"start":{"line":9,"column":2},"end":{"line":18,"column":5}},"7":{"start":{"line":10,"column":19},"end":{"line":13,"column":6}},"8":{"start":{"line":11,"column":6},"end":{"line":11,"column":46}},"9":{"start":{"line":12,"column":6},"end":{"line":12,"column":22}},"10":{"start":{"line":14,"column":4},"end":{"line":17,"column":7}},"11":{"start":{"line":15,"column":6},"end":{"line":15,"column":60}},"12":{"start":{"line":16,"column":6},"end":{"line":16,"column":20}},"13":{"start":{"line":21,"column":0},"end":{"line":21,"column":27}}},"fnMap":{"0":{"name":"(anonymous_1)","decl":{"start":{"line":8,"column":20},"end":{"line":8,"column":25}},"loc":{"start":{"line":8,"column":43},"end":{"line":19,"column":1}}},"1":{"name":"(anonymous_2)","decl":{"start":{"line":9,"column":20},"end":{"line":9,"column":21}},"loc":{"start":{"line":9,"column":40},"end":{"line":18,"column":3}}},"2":{"name":"(anonymous_3)","decl":{"start":{"line":10,"column":36},"end":{"line":10,"column":39}},"loc":{"start":{"line":10,"column":41},"end":{"line":13,"column":5}}},"3":{"name":"(anonymous_4)","decl":{"start":{"line":14,"column":23},"end":{"line":14,"column":24}},"loc":{"start":{"line":14,"column":40},"end":{"line":17,"column":5}}}},"branchMap":{},"s":{"0":0,"1":0,"2":0,"3":0,"4":0,"5":0,"6":0,"7":0,"8":0,"9":0,"10":0,"11":0,"12":0,"13":0},"f":{"0":0,"1":0,"2":0,"3":0},"b":{}}
,"C:\\Users\\oriol\\OneDrive\\Escritorio\\Bootcamp\\Challenges\\Semana 7\\202209-w7ch3-oriol-raventos\\src\\server\\controllers\\usersController.ts": {"path":"C:\\Users\\oriol\\OneDrive\\Escritorio\\Bootcamp\\Challenges\\Semana 7\\202209-w7ch3-oriol-raventos\\src\\server\\controllers\\usersController.ts","statementMap":{"0":{"start":{"line":1,"column":0},"end":{"line":1,"column":49}},"1":{"start":{"line":2,"column":0},"end":{"line":2,"column":26}},"2":{"start":{"line":4,"column":0},"end":{"line":4,"column":33}},"3":{"start":{"line":5,"column":0},"end":{"line":5,"column":30}},"4":{"start":{"line":7,"column":0},"end":{"line":7,"column":60}},"5":{"start":{"line":8,"column":0},"end":{"line":8,"column":56}},"6":{"start":{"line":10,"column":14},"end":{"line":10,"column":60}},"7":{"start":{"line":12,"column":28},"end":{"line":42,"column":1}},"8":{"start":{"line":17,"column":40},"end":{"line":17,"column":64}},"9":{"start":{"line":18,"column":2},"end":{"line":41,"column":null}},"10":{"start":{"line":19,"column":4},"end":{"line":27,"column":null}},"11":{"start":{"line":20,"column":26},"end":{"line":23,"column":null}},"12":{"start":{"line":25,"column":6},"end":{"line":25,"column":24}},"13":{"start":{"line":26,"column":6},"end":{"line":26,"column":13}},"14":{"start":{"line":29,"column":27},"end":{"line":29,"column":58}},"15":{"start":{"line":31,"column":27},"end":{"line":35,"column":6}},"16":{"start":{"line":37,"column":4},"end":{"line":37,"column":41}},"17":{"start":{"line":38,"column":4},"end":{"line":38,"column":61}},"18":{"start":{"line":40,"column":4},"end":{"line":40,"column":16}},"19":{"start":{"line":12,"column":13},"end":{"line":12,"column":28}}},"fnMap":{"0":{"name":"(anonymous_1)","decl":{"start":{"line":12,"column":28},"end":{"line":12,"column":33}},"loc":{"start":{"line":16,"column":4},"end":{"line":42,"column":1}}}},"branchMap":{"0":{"loc":{"start":{"line":19,"column":4},"end":{"line":27,"column":null}},"type":"if","locations":[{"start":{"line":19,"column":4},"end":{"line":27,"column":null}}]},"1":{"loc":{"start":{"line":19,"column":8},"end":{"line":19,"column":40}},"type":"binary-expr","locations":[{"start":{"line":19,"column":8},"end":{"line":19,"column":17}},{"start":{"line":19,"column":21},"end":{"line":19,"column":30}},{"start":{"line":19,"column":34},"end":{"line":19,"column":40}}]}},"s":{"0":1,"1":1,"2":1,"3":1,"4":1,"5":1,"6":1,"7":1,"8":2,"9":2,"10":2,"11":1,"12":1,"13":1,"14":1,"15":1,"16":1,"17":1,"18":0,"19":1},"f":{"0":2},"b":{"0":[1],"1":[2,1,1]}}
,"C:\\Users\\oriol\\OneDrive\\Escritorio\\Bootcamp\\Challenges\\Semana 7\\202209-w7ch3-oriol-raventos\\src\\server\\customError\\customError.ts": {"path":"C:\\Users\\oriol\\OneDrive\\Escritorio\\Bootcamp\\Challenges\\Semana 7\\202209-w7ch3-oriol-raventos\\src\\server\\customError\\customError.ts","statementMap":{"0":{"start":{"line":7,"column":4},"end":{"line":7,"column":19}},"1":{"start":{"line":4,"column":11},"end":{"line":4,"column":25}},"2":{"start":{"line":5,"column":11},"end":{"line":5,"column":33}},"3":{"start":{"line":8,"column":4},"end":{"line":8,"column":55}},"4":{"start":{"line":12,"column":0},"end":{"line":12,"column":27}}},"fnMap":{"0":{"name":"(anonymous_0)","decl":{"start":{"line":2,"column":2},"end":{"line":2,"column":null}},"loc":{"start":{"line":5,"column":33},"end":{"line":9,"column":3}}}},"branchMap":{},"s":{"0":3,"1":3,"2":3,"3":3,"4":2},"f":{"0":3},"b":{}}
,"C:\\Users\\oriol\\OneDrive\\Escritorio\\Bootcamp\\Challenges\\Semana 7\\202209-w7ch3-oriol-raventos\\src\\server\\middleware\\error.ts": {"path":"C:\\Users\\oriol\\OneDrive\\Escritorio\\Bootcamp\\Challenges\\Semana 7\\202209-w7ch3-oriol-raventos\\src\\server\\middleware\\error.ts","statementMap":{"0":{"start":{"line":1,"column":0},"end":{"line":1,"column":26}},"1":{"start":{"line":2,"column":0},"end":{"line":2,"column":33}},"2":{"start":{"line":6,"column":14},"end":{"line":6,"column":61}},"3":{"start":{"line":8,"column":31},"end":{"line":10,"column":1}},"4":{"start":{"line":9,"column":2},"end":{"line":9,"column":68}},"5":{"start":{"line":8,"column":13},"end":{"line":8,"column":31}},"6":{"start":{"line":12,"column":28},"end":{"line":24,"column":1}},"7":{"start":{"line":18,"column":2},"end":{"line":18,"column":45}},"8":{"start":{"line":19,"column":17},"end":{"line":19,"column":35}},"9":{"start":{"line":20,"column":18},"end":{"line":20,"column":63}},"10":{"start":{"line":22,"column":2},"end":{"line":22,"column":46}},"11":{"start":{"line":23,"column":2},"end":{"line":23,"column":9}},"12":{"start":{"line":12,"column":13},"end":{"line":12,"column":28}}},"fnMap":{"0":{"name":"(anonymous_1)","decl":{"start":{"line":8,"column":31},"end":{"line":8,"column":32}},"loc":{"start":{"line":8,"column":63},"end":{"line":10,"column":1}}},"1":{"name":"(anonymous_2)","decl":{"start":{"line":12,"column":28},"end":{"line":12,"column":null}},"loc":{"start":{"line":17,"column":4},"end":{"line":24,"column":1}}}},"branchMap":{"0":{"loc":{"start":{"line":19,"column":17},"end":{"line":19,"column":35}},"type":"binary-expr","locations":[{"start":{"line":19,"column":17},"end":{"line":19,"column":28}},{"start":{"line":19,"column":32},"end":{"line":19,"column":35}}]},"1":{"loc":{"start":{"line":20,"column":18},"end":{"line":20,"column":63}},"type":"binary-expr","locations":[{"start":{"line":20,"column":18},"end":{"line":20,"column":37}},{"start":{"line":20,"column":41},"end":{"line":20,"column":63}}]}},"s":{"0":1,"1":1,"2":1,"3":1,"4":2,"5":1,"6":1,"7":2,"8":2,"9":2,"10":2,"11":2,"12":1},"f":{"0":2,"1":2},"b":{"0":[2,2],"1":[2,2]}}
,"C:\\Users\\oriol\\OneDrive\\Escritorio\\Bootcamp\\Challenges\\Semana 7\\202209-w7ch3-oriol-raventos\\src\\server\\routers\\usersRouter.ts": {"path":"C:\\Users\\oriol\\OneDrive\\Escritorio\\Bootcamp\\Challenges\\Semana 7\\202209-w7ch3-oriol-raventos\\src\\server\\routers\\usersRouter.ts","statementMap":{"0":{"start":{"line":1,"column":0},"end":{"line":1,"column":30}},"1":{"start":{"line":2,"column":0},"end":{"line":2,"column":65}},"2":{"start":{"line":5,"column":20},"end":{"line":5,"column":36}},"3":{"start":{"line":7,"column":0},"end":{"line":7,"column":44}},"4":{"start":{"line":9,"column":0},"end":{"line":9,"column":27}}},"fnMap":{},"branchMap":{},"s":{"0":0,"1":0,"2":0,"3":0,"4":0},"f":{},"b":{}}
}
