TN:
SF:src\loadEnviroment.ts
FNF:0
FNH:0
DA:1,1
DA:3,1
DA:5,1
DA:12,1
LF:4
LH:4
BRF:0
BRH:0
end_of_record
TN:
SF:src\database\index.ts
FN:8,(anonymous_1)
FN:14,(anonymous_2)
FNF:2
FNH:0
FNDA:0,(anonymous_1)
FNDA:0,(anonymous_2)
DA:1,0
DA:2,0
DA:3,0
DA:4,0
DA:6,0
DA:8,0
DA:9,0
DA:10,0
DA:11,0
DA:12,0
DA:15,0
DA:16,0
DA:19,0
DA:22,0
DA:24,0
DA:28,0
LF:16
LH:0
BRF:0
BRH:0
end_of_record
TN:
SF:src\database\models\Items\Items.ts
FNF:0
FNH:0
DA:1,0
DA:3,0
DA:15,0
LF:3
LH:0
BRF:0
BRH:0
end_of_record
TN:
SF:src\database\models\Users\Users.ts
FNF:0
FNH:0
DA:1,1
DA:3,1
DA:22,1
LF:3
LH:3
BRF:0
BRH:0
end_of_record
TN:
SF:src\mocks\mockUser.ts
FNF:0
FNH:0
DA:1,1
DA:6,1
LF:2
LH:2
BRF:0
BRH:0
end_of_record
TN:
SF:src\server\app.ts
FNF:0
FNH:0
DA:1,0
DA:2,0
DA:3,0
DA:4,0
DA:6,0
DA:8,0
DA:10,0
DA:12,0
DA:14,0
DA:16,0
DA:18,0
DA:20,0
LF:12
LH:0
BRF:0
BRH:0
end_of_record
TN:
SF:src\server\index.ts
FN:8,(anonymous_1)
FN:9,(anonymous_2)
FN:10,(anonymous_3)
FN:14,(anonymous_4)
FNF:4
FNH:0
FNDA:0,(anonymous_1)
FNDA:0,(anonymous_2)
FNDA:0,(anonymous_3)
FNDA:0,(anonymous_4)
DA:1,0
DA:2,0
DA:3,0
DA:4,0
DA:6,0
DA:8,0
DA:9,0
DA:10,0
DA:11,0
DA:12,0
DA:14,0
DA:15,0
DA:16,0
DA:21,0
LF:14
LH:0
BRF:0
BRH:0
end_of_record
TN:
SF:src\server\controllers\usersController.ts
FN:12,(anonymous_1)
FNF:1
FNH:1
FNDA:2,(anonymous_1)
DA:1,1
DA:2,1
DA:4,1
DA:5,1
DA:7,1
DA:8,1
DA:10,1
DA:12,1
DA:17,2
DA:18,2
DA:19,2
DA:20,1
DA:25,1
DA:26,1
DA:29,1
DA:31,1
DA:37,1
DA:38,1
DA:40,0
LF:19
LH:18
BRDA:19,0,0,1
BRDA:19,1,0,2
BRDA:19,1,1,1
BRDA:19,1,2,1
BRF:4
BRH:4
end_of_record
TN:
SF:src\server\customError\customError.ts
FN:2,(anonymous_0)
FNF:1
FNH:1
FNDA:3,(anonymous_0)
DA:4,3
DA:5,3
DA:7,3
DA:8,3
DA:12,2
LF:5
LH:5
BRF:0
BRH:0
end_of_record
TN:
SF:src\server\middleware\error.ts
FN:8,(anonymous_1)
FN:12,(anonymous_2)
FNF:2
FNH:2
FNDA:2,(anonymous_1)
FNDA:2,(anonymous_2)
DA:1,1
DA:2,1
DA:6,1
DA:8,1
DA:9,2
DA:12,1
DA:18,2
DA:19,2
DA:20,2
DA:22,2
DA:23,2
LF:11
LH:11
BRDA:19,0,0,2
BRDA:19,0,1,2
BRDA:20,1,0,2
BRDA:20,1,1,2
BRF:4
BRH:4
end_of_record
TN:
SF:src\server\routers\usersRouter.ts
FNF:0
FNH:0
DA:1,0
DA:2,0
DA:5,0
DA:7,0
DA:9,0
LF:5
LH:0
BRF:0
BRH:0
end_of_record
